<?xml version="1.0" encoding="UTF-8"?>
<testng-results skipped="0" failed="0" total="1" passed="1">
  <reporter-output>
  </reporter-output>
  <suite name="Surefire suite" duration-ms="18" started-at="2021-12-28T11:05:58Z" finished-at="2021-12-28T11:05:58Z">
    <groups>
    </groups>
    <test name="Surefire test" duration-ms="18" started-at="2021-12-28T11:05:58Z" finished-at="2021-12-28T11:05:58Z">
      <class name="Kekalogin.Kekalogin.AppTest">
        <test-method status="PASS" signature="shouldAnswerWithTrue()[pri:0, instance:shouldAnswerWithTrue(Kekalogin.Kekalogin.AppTest)]" name="shouldAnswerWithTrue" duration-ms="0" started-at="2021-12-28T16:35:58Z" finished-at="2021-12-28T16:35:58Z">
          <reporter-output>
          </reporter-output>
        </test-method> <!-- shouldAnswerWithTrue -->
      </class> <!-- Kekalogin.Kekalogin.AppTest -->
    </test> <!-- Surefire test -->
  </suite> <!-- Surefire suite -->
</testng-results>
