<?xml version="1.0" encoding="UTF-8"?>
<testng-results skipped="0" failed="0" total="1" passed="1">
  <reporter-output>
  </reporter-output>
  <suite name="Surefire suite" duration-ms="13" started-at="2021-12-28T11:05:58Z" finished-at="2021-12-28T11:05:58Z">
    <groups>
    </groups>
    <test name="Surefire test" duration-ms="13" started-at="2021-12-28T11:05:58Z" finished-at="2021-12-28T11:05:58Z">
      <class name="NewTest">
        <test-method status="PASS" signature="beforeClass()[pri:0, instance:NewTest@234bef66]" name="beforeClass" is-config="true" duration-ms="6" started-at="2021-12-28T16:35:58Z" finished-at="2021-12-28T16:35:58Z">
          <reporter-output>
          </reporter-output>
        </test-method> <!-- beforeClass -->
        <test-method status="PASS" signature="f()[pri:0, instance:NewTest@234bef66]" name="f" duration-ms="0" started-at="2021-12-28T16:35:58Z" finished-at="2021-12-28T16:35:58Z">
          <reporter-output>
          </reporter-output>
        </test-method> <!-- f -->
        <test-method status="PASS" signature="beforeMethod()[pri:0, instance:NewTest@234bef66]" name="beforeMethod" is-config="true" duration-ms="0" started-at="2021-12-28T16:35:58Z" finished-at="2021-12-28T16:35:58Z">
          <reporter-output>
          </reporter-output>
        </test-method> <!-- beforeMethod -->
        <test-method status="PASS" signature="afterMethod()[pri:0, instance:NewTest@234bef66]" name="afterMethod" is-config="true" duration-ms="0" started-at="2021-12-28T16:35:58Z" finished-at="2021-12-28T16:35:58Z">
          <reporter-output>
          </reporter-output>
        </test-method> <!-- afterMethod -->
        <test-method status="PASS" signature="afterClass()[pri:0, instance:NewTest@234bef66]" name="afterClass" is-config="true" duration-ms="0" started-at="2021-12-28T16:35:58Z" finished-at="2021-12-28T16:35:58Z">
          <reporter-output>
          </reporter-output>
        </test-method> <!-- afterClass -->
      </class> <!-- NewTest -->
    </test> <!-- Surefire test -->
  </suite> <!-- Surefire suite -->
</testng-results>
